{"username": "carlos", "password": ["123456", "password", "12345678", "qwerty", "123456789"]}
{"username": "carlos", "password": ["12345", "1234", "111111", "1234567", "dragon"]}
{"username": "carlos", "password": ["123123", "baseball", "abc123", "football", "monkey"]}
{"username": "carlos", "password": ["letmein", "shadow", "master", "666666", "qwertyuiop"]}
{"username": "carlos", "password": ["123321", "mustang", "1234567890", "michael", "654321"]}
{"username": "carlos", "password": ["superman", "1qaz2wsx", "7777777", "121212", "000000"]}
{"username": "carlos", "password": ["qazwsx", "123qwe", "killer", "trustno1", "jordan"]}
{"username": "carlos", "password": ["jennifer", "zxcvbnm", "asdfgh", "hunter", "buster"]}
{"username": "carlos", "password": ["soccer", "harley", "batman", "andrew", "tigger"]}
{"username": "carlos", "password": ["sunshine", "iloveyou", "2000", "charlie", "robert"]}
{"username": "carlos", "password": ["thomas", "hockey", "ranger", "daniel", "starwars"]}
{"username": "carlos", "password": ["klaster", "112233", "george", "computer", "michelle"]}
{"username": "carlos", "password": ["jessica", "pepper", "1111", "zxcvbn", "555555"]}
{"username": "carlos", "password": ["11111111", "131313", "freedom", "777777", "pass"]}
{"username": "carlos", "password": ["maggie", "159753", "aaaaaa", "ginger", "princess"]}
{"username": "carlos", "password": ["joshua", "cheese", "amanda", "summer", "love"]}
{"username": "carlos", "password": ["ashley", "nicole", "chelsea", "biteme", "matthew"]}
{"username": "carlos", "password": ["access", "yankees", "987654321", "dallas", "austin"]}
{"username": "carlos", "password": ["thunder", "taylor", "matrix", "mobilemail", "mom"]}
{"username": "carlos", "password": ["monitor", "monitoring", "montana", "moon", "moscow"]}
